TN:
SF:src\modules\Solos\Protocols\UseCase\ICreateSoloUseCase.ts
FN:1,(empty-report)
FNF:1
FNH:0
FNDA:0,(empty-report)
DA:1,0
DA:2,0
DA:3,0
DA:4,0
DA:5,0
DA:6,0
DA:7,0
DA:8,0
DA:9,0
DA:10,0
DA:11,0
LF:11
LH:0
BRDA:1,0,0,0
BRF:1
BRH:0
end_of_record
TN:
SF:src\modules\Solos\UseCase\createSolo\createSolosUseCase.ts
FN:6,<instance_members_initializer>
FN:6,CreateSolosUseCase
FN:8,execute
FNF:3
FNH:3
FNDA:2,<instance_members_initializer>
FNDA:2,CreateSolosUseCase
FNDA:3,execute
DA:1,1
DA:2,1
DA:3,1
DA:4,1
DA:5,1
DA:6,1
DA:7,1
DA:8,1
DA:9,3
DA:10,3
DA:11,3
DA:12,3
DA:13,3
DA:14,3
DA:15,3
DA:16,3
DA:17,3
DA:18,3
DA:19,3
DA:20,3
DA:21,3
DA:22,3
DA:23,3
DA:24,1
LF:24
LH:24
BRDA:6,0,0,2
BRDA:6,1,0,2
BRDA:8,2,0,3
BRF:3
BRH:3
end_of_record
TN:
SF:src\modules\Solos\UseCase\listSolos\listSolosUseCase.ts
FN:5,<instance_members_initializer>
FN:5,ListSolosUseCase
FN:6,execute
FNF:3
FNH:3
FNDA:1,<instance_members_initializer>
FNDA:1,ListSolosUseCase
FNDA:1,execute
DA:1,1
DA:2,1
DA:3,1
DA:4,1
DA:5,1
DA:6,1
DA:7,1
DA:8,1
DA:9,1
LF:9
LH:9
BRDA:5,0,0,1
BRDA:5,1,0,1
BRDA:6,2,0,1
BRF:3
BRH:3
end_of_record
